<?xml version="1.0" encoding="UTF-8"?>
<testsuite xmlns:xsi="http://www.w3.org/2001/XMLSchema-instance" xsi:noNamespaceSchemaLocation="https://maven.apache.org/surefire/maven-surefire-plugin/xsd/surefire-test-report.xsd" name="no.ssb.dapla.team.DaplaTeamApiApplicationTests" time="1.397" tests="1" errors="0" skipped="0" failures="0">
  <properties>
    <property name="java.specification.version" value="17"/>
    <property name="sun.jnu.encoding" value="UTF-8"/>
    <property name="java.class.path" value="/Users/anders/Work/ssb/dapla-team-api/dapla-team-api/target/test-classes:/Users/anders/Work/ssb/dapla-team-api/dapla-team-api/target/classes:/Users/anders/.m2/repository/org/springframework/boot/spring-boot-starter-hateoas/3.0.0-SNAPSHOT/spring-boot-starter-hateoas-3.0.0-SNAPSHOT.jar:/Users/anders/.m2/repository/org/springframework/hateoas/spring-hateoas/2.0.0-SNAPSHOT/spring-hateoas-2.0.0-SNAPSHOT.jar:/Users/anders/.m2/repository/org/springframework/spring-aop/6.0.0-SNAPSHOT/spring-aop-6.0.0-SNAPSHOT.jar:/Users/anders/.m2/repository/org/springframework/spring-beans/6.0.0-SNAPSHOT/spring-beans-6.0.0-SNAPSHOT.jar:/Users/anders/.m2/repository/org/springframework/spring-context/6.0.0-SNAPSHOT/spring-context-6.0.0-SNAPSHOT.jar:/Users/anders/.m2/repository/org/springframework/plugin/spring-plugin-core/3.0.0-M1/spring-plugin-core-3.0.0-M1.jar:/Users/anders/.m2/repository/org/slf4j/slf4j-api/1.7.36/slf4j-api-1.7.36.jar:/Users/anders/.m2/repository/org/springframework/boot/spring-boot-starter-web/3.0.0-SNAPSHOT/spring-boot-starter-web-3.0.0-SNAPSHOT.jar:/Users/anders/.m2/repository/org/springframework/boot/spring-boot-starter/3.0.0-SNAPSHOT/spring-boot-starter-3.0.0-SNAPSHOT.jar:/Users/anders/.m2/repository/org/springframework/boot/spring-boot/3.0.0-SNAPSHOT/spring-boot-3.0.0-SNAPSHOT.jar:/Users/anders/.m2/repository/org/springframework/boot/spring-boot-autoconfigure/3.0.0-SNAPSHOT/spring-boot-autoconfigure-3.0.0-SNAPSHOT.jar:/Users/anders/.m2/repository/org/springframework/boot/spring-boot-starter-logging/3.0.0-SNAPSHOT/spring-boot-starter-logging-3.0.0-SNAPSHOT.jar:/Users/anders/.m2/repository/ch/qos/logback/logback-classic/1.2.11/logback-classic-1.2.11.jar:/Users/anders/.m2/repository/ch/qos/logback/logback-core/1.2.11/logback-core-1.2.11.jar:/Users/anders/.m2/repository/org/apache/logging/log4j/log4j-to-slf4j/2.18.0/log4j-to-slf4j-2.18.0.jar:/Users/anders/.m2/repository/org/apache/logging/log4j/log4j-api/2.18.0/log4j-api-2.18.0.jar:/Users/anders/.m2/repository/org/slf4j/jul-to-slf4j/1.7.36/jul-to-slf4j-1.7.36.jar:/Users/anders/.m2/repository/jakarta/annotation/jakarta.annotation-api/2.0.0/jakarta.annotation-api-2.0.0.jar:/Users/anders/.m2/repository/org/yaml/snakeyaml/1.31/snakeyaml-1.31.jar:/Users/anders/.m2/repository/org/springframework/boot/spring-boot-starter-json/3.0.0-SNAPSHOT/spring-boot-starter-json-3.0.0-SNAPSHOT.jar:/Users/anders/.m2/repository/com/fasterxml/jackson/core/jackson-databind/2.13.3/jackson-databind-2.13.3.jar:/Users/anders/.m2/repository/com/fasterxml/jackson/core/jackson-annotations/2.13.3/jackson-annotations-2.13.3.jar:/Users/anders/.m2/repository/com/fasterxml/jackson/core/jackson-core/2.13.3/jackson-core-2.13.3.jar:/Users/anders/.m2/repository/com/fasterxml/jackson/datatype/jackson-datatype-jdk8/2.13.3/jackson-datatype-jdk8-2.13.3.jar:/Users/anders/.m2/repository/com/fasterxml/jackson/datatype/jackson-datatype-jsr310/2.13.3/jackson-datatype-jsr310-2.13.3.jar:/Users/anders/.m2/repository/com/fasterxml/jackson/module/jackson-module-parameter-names/2.13.3/jackson-module-parameter-names-2.13.3.jar:/Users/anders/.m2/repository/org/springframework/boot/spring-boot-starter-tomcat/3.0.0-SNAPSHOT/spring-boot-starter-tomcat-3.0.0-SNAPSHOT.jar:/Users/anders/.m2/repository/org/apache/tomcat/embed/tomcat-embed-core/10.0.22/tomcat-embed-core-10.0.22.jar:/Users/anders/.m2/repository/org/apache/tomcat/embed/tomcat-embed-el/10.0.22/tomcat-embed-el-10.0.22.jar:/Users/anders/.m2/repository/org/apache/tomcat/embed/tomcat-embed-websocket/10.0.22/tomcat-embed-websocket-10.0.22.jar:/Users/anders/.m2/repository/org/springframework/spring-web/6.0.0-SNAPSHOT/spring-web-6.0.0-SNAPSHOT.jar:/Users/anders/.m2/repository/org/springframework/spring-webmvc/6.0.0-SNAPSHOT/spring-webmvc-6.0.0-SNAPSHOT.jar:/Users/anders/.m2/repository/org/springframework/spring-expression/6.0.0-SNAPSHOT/spring-expression-6.0.0-SNAPSHOT.jar:/Users/anders/.m2/repository/org/projectlombok/lombok/1.18.24/lombok-1.18.24.jar:/Users/anders/.m2/repository/org/springframework/boot/spring-boot-starter-test/3.0.0-SNAPSHOT/spring-boot-starter-test-3.0.0-SNAPSHOT.jar:/Users/anders/.m2/repository/org/springframework/boot/spring-boot-test/3.0.0-SNAPSHOT/spring-boot-test-3.0.0-SNAPSHOT.jar:/Users/anders/.m2/repository/org/springframework/boot/spring-boot-test-autoconfigure/3.0.0-SNAPSHOT/spring-boot-test-autoconfigure-3.0.0-SNAPSHOT.jar:/Users/anders/.m2/repository/com/jayway/jsonpath/json-path/2.7.0/json-path-2.7.0.jar:/Users/anders/.m2/repository/net/minidev/json-smart/2.4.8/json-smart-2.4.8.jar:/Users/anders/.m2/repository/net/minidev/accessors-smart/2.4.8/accessors-smart-2.4.8.jar:/Users/anders/.m2/repository/org/ow2/asm/asm/9.1/asm-9.1.jar:/Users/anders/.m2/repository/jakarta/xml/bind/jakarta.xml.bind-api/3.0.1/jakarta.xml.bind-api-3.0.1.jar:/Users/anders/.m2/repository/com/sun/activation/jakarta.activation/2.0.1/jakarta.activation-2.0.1.jar:/Users/anders/.m2/repository/org/assertj/assertj-core/3.23.1/assertj-core-3.23.1.jar:/Users/anders/.m2/repository/net/bytebuddy/byte-buddy/1.12.12/byte-buddy-1.12.12.jar:/Users/anders/.m2/repository/org/hamcrest/hamcrest/2.2/hamcrest-2.2.jar:/Users/anders/.m2/repository/org/junit/jupiter/junit-jupiter/5.8.2/junit-jupiter-5.8.2.jar:/Users/anders/.m2/repository/org/junit/jupiter/junit-jupiter-api/5.8.2/junit-jupiter-api-5.8.2.jar:/Users/anders/.m2/repository/org/opentest4j/opentest4j/1.2.0/opentest4j-1.2.0.jar:/Users/anders/.m2/repository/org/junit/platform/junit-platform-commons/1.8.2/junit-platform-commons-1.8.2.jar:/Users/anders/.m2/repository/org/apiguardian/apiguardian-api/1.1.2/apiguardian-api-1.1.2.jar:/Users/anders/.m2/repository/org/junit/jupiter/junit-jupiter-params/5.8.2/junit-jupiter-params-5.8.2.jar:/Users/anders/.m2/repository/org/junit/jupiter/junit-jupiter-engine/5.8.2/junit-jupiter-engine-5.8.2.jar:/Users/anders/.m2/repository/org/junit/platform/junit-platform-engine/1.8.2/junit-platform-engine-1.8.2.jar:/Users/anders/.m2/repository/org/mockito/mockito-core/4.6.1/mockito-core-4.6.1.jar:/Users/anders/.m2/repository/net/bytebuddy/byte-buddy-agent/1.12.12/byte-buddy-agent-1.12.12.jar:/Users/anders/.m2/repository/org/objenesis/objenesis/3.2/objenesis-3.2.jar:/Users/anders/.m2/repository/org/mockito/mockito-junit-jupiter/4.6.1/mockito-junit-jupiter-4.6.1.jar:/Users/anders/.m2/repository/org/skyscreamer/jsonassert/1.5.1/jsonassert-1.5.1.jar:/Users/anders/.m2/repository/com/vaadin/external/google/android-json/0.0.20131108.vaadin1/android-json-0.0.20131108.vaadin1.jar:/Users/anders/.m2/repository/org/springframework/spring-core/6.0.0-SNAPSHOT/spring-core-6.0.0-SNAPSHOT.jar:/Users/anders/.m2/repository/org/springframework/spring-jcl/6.0.0-SNAPSHOT/spring-jcl-6.0.0-SNAPSHOT.jar:/Users/anders/.m2/repository/org/springframework/spring-test/6.0.0-SNAPSHOT/spring-test-6.0.0-SNAPSHOT.jar:/Users/anders/.m2/repository/org/xmlunit/xmlunit-core/2.9.0/xmlunit-core-2.9.0.jar:/Users/anders/.m2/repository/org/springframework/boot/spring-boot-starter-actuator/3.0.0-SNAPSHOT/spring-boot-starter-actuator-3.0.0-SNAPSHOT.jar:/Users/anders/.m2/repository/org/springframework/boot/spring-boot-actuator-autoconfigure/3.0.0-SNAPSHOT/spring-boot-actuator-autoconfigure-3.0.0-SNAPSHOT.jar:/Users/anders/.m2/repository/org/springframework/boot/spring-boot-actuator/3.0.0-SNAPSHOT/spring-boot-actuator-3.0.0-SNAPSHOT.jar:/Users/anders/.m2/repository/io/micrometer/micrometer-observation/1.10.0-SNAPSHOT/micrometer-observation-1.10.0-SNAPSHOT.jar:/Users/anders/.m2/repository/io/micrometer/micrometer-commons/1.10.0-SNAPSHOT/micrometer-commons-1.10.0-SNAPSHOT.jar:/Users/anders/.m2/repository/io/micrometer/micrometer-core/1.10.0-SNAPSHOT/micrometer-core-1.10.0-SNAPSHOT.jar:/Users/anders/.m2/repository/org/hdrhistogram/HdrHistogram/2.1.12/HdrHistogram-2.1.12.jar:/Users/anders/.m2/repository/org/latencyutils/LatencyUtils/2.0.3/LatencyUtils-2.0.3.jar:"/>
    <property name="java.vm.vendor" value="Eclipse Adoptium"/>
    <property name="sun.arch.data.model" value="64"/>
    <property name="java.vendor.url" value="https://adoptium.net/"/>
    <property name="os.name" value="Mac OS X"/>
    <property name="java.vm.specification.version" value="17"/>
    <property name="sun.java.launcher" value="SUN_STANDARD"/>
    <property name="user.country" value="NO"/>
    <property name="sun.boot.library.path" value="/Applications/SpringToolSuite4.app/Contents/Eclipse/plugins/org.eclipse.justj.openjdk.hotspot.jre.full.macosx.aarch64_17.0.4.v20220805-1047/jre/lib"/>
    <property name="sun.java.command" value="/Users/anders/Work/ssb/dapla-team-api/dapla-team-api/target/surefire/surefirebooter9915618275047082715.jar /Users/anders/Work/ssb/dapla-team-api/dapla-team-api/target/surefire 2022-09-09T13-31-41_417-jvmRun1 surefire4134825072509718832tmp surefire_012919206968305204918tmp"/>
    <property name="http.nonProxyHosts" value="local|*.local|169.254/16|*.169.254/16"/>
    <property name="jdk.debug" value="release"/>
    <property name="surefire.test.class.path" value="/Users/anders/Work/ssb/dapla-team-api/dapla-team-api/target/test-classes:/Users/anders/Work/ssb/dapla-team-api/dapla-team-api/target/classes:/Users/anders/.m2/repository/org/springframework/boot/spring-boot-starter-hateoas/3.0.0-SNAPSHOT/spring-boot-starter-hateoas-3.0.0-SNAPSHOT.jar:/Users/anders/.m2/repository/org/springframework/hateoas/spring-hateoas/2.0.0-SNAPSHOT/spring-hateoas-2.0.0-SNAPSHOT.jar:/Users/anders/.m2/repository/org/springframework/spring-aop/6.0.0-SNAPSHOT/spring-aop-6.0.0-SNAPSHOT.jar:/Users/anders/.m2/repository/org/springframework/spring-beans/6.0.0-SNAPSHOT/spring-beans-6.0.0-SNAPSHOT.jar:/Users/anders/.m2/repository/org/springframework/spring-context/6.0.0-SNAPSHOT/spring-context-6.0.0-SNAPSHOT.jar:/Users/anders/.m2/repository/org/springframework/plugin/spring-plugin-core/3.0.0-M1/spring-plugin-core-3.0.0-M1.jar:/Users/anders/.m2/repository/org/slf4j/slf4j-api/1.7.36/slf4j-api-1.7.36.jar:/Users/anders/.m2/repository/org/springframework/boot/spring-boot-starter-web/3.0.0-SNAPSHOT/spring-boot-starter-web-3.0.0-SNAPSHOT.jar:/Users/anders/.m2/repository/org/springframework/boot/spring-boot-starter/3.0.0-SNAPSHOT/spring-boot-starter-3.0.0-SNAPSHOT.jar:/Users/anders/.m2/repository/org/springframework/boot/spring-boot/3.0.0-SNAPSHOT/spring-boot-3.0.0-SNAPSHOT.jar:/Users/anders/.m2/repository/org/springframework/boot/spring-boot-autoconfigure/3.0.0-SNAPSHOT/spring-boot-autoconfigure-3.0.0-SNAPSHOT.jar:/Users/anders/.m2/repository/org/springframework/boot/spring-boot-starter-logging/3.0.0-SNAPSHOT/spring-boot-starter-logging-3.0.0-SNAPSHOT.jar:/Users/anders/.m2/repository/ch/qos/logback/logback-classic/1.2.11/logback-classic-1.2.11.jar:/Users/anders/.m2/repository/ch/qos/logback/logback-core/1.2.11/logback-core-1.2.11.jar:/Users/anders/.m2/repository/org/apache/logging/log4j/log4j-to-slf4j/2.18.0/log4j-to-slf4j-2.18.0.jar:/Users/anders/.m2/repository/org/apache/logging/log4j/log4j-api/2.18.0/log4j-api-2.18.0.jar:/Users/anders/.m2/repository/org/slf4j/jul-to-slf4j/1.7.36/jul-to-slf4j-1.7.36.jar:/Users/anders/.m2/repository/jakarta/annotation/jakarta.annotation-api/2.0.0/jakarta.annotation-api-2.0.0.jar:/Users/anders/.m2/repository/org/yaml/snakeyaml/1.31/snakeyaml-1.31.jar:/Users/anders/.m2/repository/org/springframework/boot/spring-boot-starter-json/3.0.0-SNAPSHOT/spring-boot-starter-json-3.0.0-SNAPSHOT.jar:/Users/anders/.m2/repository/com/fasterxml/jackson/core/jackson-databind/2.13.3/jackson-databind-2.13.3.jar:/Users/anders/.m2/repository/com/fasterxml/jackson/core/jackson-annotations/2.13.3/jackson-annotations-2.13.3.jar:/Users/anders/.m2/repository/com/fasterxml/jackson/core/jackson-core/2.13.3/jackson-core-2.13.3.jar:/Users/anders/.m2/repository/com/fasterxml/jackson/datatype/jackson-datatype-jdk8/2.13.3/jackson-datatype-jdk8-2.13.3.jar:/Users/anders/.m2/repository/com/fasterxml/jackson/datatype/jackson-datatype-jsr310/2.13.3/jackson-datatype-jsr310-2.13.3.jar:/Users/anders/.m2/repository/com/fasterxml/jackson/module/jackson-module-parameter-names/2.13.3/jackson-module-parameter-names-2.13.3.jar:/Users/anders/.m2/repository/org/springframework/boot/spring-boot-starter-tomcat/3.0.0-SNAPSHOT/spring-boot-starter-tomcat-3.0.0-SNAPSHOT.jar:/Users/anders/.m2/repository/org/apache/tomcat/embed/tomcat-embed-core/10.0.22/tomcat-embed-core-10.0.22.jar:/Users/anders/.m2/repository/org/apache/tomcat/embed/tomcat-embed-el/10.0.22/tomcat-embed-el-10.0.22.jar:/Users/anders/.m2/repository/org/apache/tomcat/embed/tomcat-embed-websocket/10.0.22/tomcat-embed-websocket-10.0.22.jar:/Users/anders/.m2/repository/org/springframework/spring-web/6.0.0-SNAPSHOT/spring-web-6.0.0-SNAPSHOT.jar:/Users/anders/.m2/repository/org/springframework/spring-webmvc/6.0.0-SNAPSHOT/spring-webmvc-6.0.0-SNAPSHOT.jar:/Users/anders/.m2/repository/org/springframework/spring-expression/6.0.0-SNAPSHOT/spring-expression-6.0.0-SNAPSHOT.jar:/Users/anders/.m2/repository/org/projectlombok/lombok/1.18.24/lombok-1.18.24.jar:/Users/anders/.m2/repository/org/springframework/boot/spring-boot-starter-test/3.0.0-SNAPSHOT/spring-boot-starter-test-3.0.0-SNAPSHOT.jar:/Users/anders/.m2/repository/org/springframework/boot/spring-boot-test/3.0.0-SNAPSHOT/spring-boot-test-3.0.0-SNAPSHOT.jar:/Users/anders/.m2/repository/org/springframework/boot/spring-boot-test-autoconfigure/3.0.0-SNAPSHOT/spring-boot-test-autoconfigure-3.0.0-SNAPSHOT.jar:/Users/anders/.m2/repository/com/jayway/jsonpath/json-path/2.7.0/json-path-2.7.0.jar:/Users/anders/.m2/repository/net/minidev/json-smart/2.4.8/json-smart-2.4.8.jar:/Users/anders/.m2/repository/net/minidev/accessors-smart/2.4.8/accessors-smart-2.4.8.jar:/Users/anders/.m2/repository/org/ow2/asm/asm/9.1/asm-9.1.jar:/Users/anders/.m2/repository/jakarta/xml/bind/jakarta.xml.bind-api/3.0.1/jakarta.xml.bind-api-3.0.1.jar:/Users/anders/.m2/repository/com/sun/activation/jakarta.activation/2.0.1/jakarta.activation-2.0.1.jar:/Users/anders/.m2/repository/org/assertj/assertj-core/3.23.1/assertj-core-3.23.1.jar:/Users/anders/.m2/repository/net/bytebuddy/byte-buddy/1.12.12/byte-buddy-1.12.12.jar:/Users/anders/.m2/repository/org/hamcrest/hamcrest/2.2/hamcrest-2.2.jar:/Users/anders/.m2/repository/org/junit/jupiter/junit-jupiter/5.8.2/junit-jupiter-5.8.2.jar:/Users/anders/.m2/repository/org/junit/jupiter/junit-jupiter-api/5.8.2/junit-jupiter-api-5.8.2.jar:/Users/anders/.m2/repository/org/opentest4j/opentest4j/1.2.0/opentest4j-1.2.0.jar:/Users/anders/.m2/repository/org/junit/platform/junit-platform-commons/1.8.2/junit-platform-commons-1.8.2.jar:/Users/anders/.m2/repository/org/apiguardian/apiguardian-api/1.1.2/apiguardian-api-1.1.2.jar:/Users/anders/.m2/repository/org/junit/jupiter/junit-jupiter-params/5.8.2/junit-jupiter-params-5.8.2.jar:/Users/anders/.m2/repository/org/junit/jupiter/junit-jupiter-engine/5.8.2/junit-jupiter-engine-5.8.2.jar:/Users/anders/.m2/repository/org/junit/platform/junit-platform-engine/1.8.2/junit-platform-engine-1.8.2.jar:/Users/anders/.m2/repository/org/mockito/mockito-core/4.6.1/mockito-core-4.6.1.jar:/Users/anders/.m2/repository/net/bytebuddy/byte-buddy-agent/1.12.12/byte-buddy-agent-1.12.12.jar:/Users/anders/.m2/repository/org/objenesis/objenesis/3.2/objenesis-3.2.jar:/Users/anders/.m2/repository/org/mockito/mockito-junit-jupiter/4.6.1/mockito-junit-jupiter-4.6.1.jar:/Users/anders/.m2/repository/org/skyscreamer/jsonassert/1.5.1/jsonassert-1.5.1.jar:/Users/anders/.m2/repository/com/vaadin/external/google/android-json/0.0.20131108.vaadin1/android-json-0.0.20131108.vaadin1.jar:/Users/anders/.m2/repository/org/springframework/spring-core/6.0.0-SNAPSHOT/spring-core-6.0.0-SNAPSHOT.jar:/Users/anders/.m2/repository/org/springframework/spring-jcl/6.0.0-SNAPSHOT/spring-jcl-6.0.0-SNAPSHOT.jar:/Users/anders/.m2/repository/org/springframework/spring-test/6.0.0-SNAPSHOT/spring-test-6.0.0-SNAPSHOT.jar:/Users/anders/.m2/repository/org/xmlunit/xmlunit-core/2.9.0/xmlunit-core-2.9.0.jar:/Users/anders/.m2/repository/org/springframework/boot/spring-boot-starter-actuator/3.0.0-SNAPSHOT/spring-boot-starter-actuator-3.0.0-SNAPSHOT.jar:/Users/anders/.m2/repository/org/springframework/boot/spring-boot-actuator-autoconfigure/3.0.0-SNAPSHOT/spring-boot-actuator-autoconfigure-3.0.0-SNAPSHOT.jar:/Users/anders/.m2/repository/org/springframework/boot/spring-boot-actuator/3.0.0-SNAPSHOT/spring-boot-actuator-3.0.0-SNAPSHOT.jar:/Users/anders/.m2/repository/io/micrometer/micrometer-observation/1.10.0-SNAPSHOT/micrometer-observation-1.10.0-SNAPSHOT.jar:/Users/anders/.m2/repository/io/micrometer/micrometer-commons/1.10.0-SNAPSHOT/micrometer-commons-1.10.0-SNAPSHOT.jar:/Users/anders/.m2/repository/io/micrometer/micrometer-core/1.10.0-SNAPSHOT/micrometer-core-1.10.0-SNAPSHOT.jar:/Users/anders/.m2/repository/org/hdrhistogram/HdrHistogram/2.1.12/HdrHistogram-2.1.12.jar:/Users/anders/.m2/repository/org/latencyutils/LatencyUtils/2.0.3/LatencyUtils-2.0.3.jar:"/>
    <property name="sun.cpu.endian" value="little"/>
    <property name="user.home" value="/Users/anders"/>
    <property name="user.language" value="en"/>
    <property name="java.specification.vendor" value="Oracle Corporation"/>
    <property name="java.version.date" value="2022-07-19"/>
    <property name="java.home" value="/Applications/SpringToolSuite4.app/Contents/Eclipse/plugins/org.eclipse.justj.openjdk.hotspot.jre.full.macosx.aarch64_17.0.4.v20220805-1047/jre"/>
    <property name="file.separator" value="/"/>
    <property name="style.color" value="always"/>
    <property name="basedir" value="/Users/anders/Work/ssb/dapla-team-api/dapla-team-api"/>
    <property name="java.vm.compressedOopsMode" value="Zero based"/>
    <property name="line.separator" value="&#10;"/>
    <property name="java.vm.specification.vendor" value="Oracle Corporation"/>
    <property name="java.specification.name" value="Java Platform API Specification"/>
    <property name="surefire.real.class.path" value="/Users/anders/Work/ssb/dapla-team-api/dapla-team-api/target/surefire/surefirebooter9915618275047082715.jar"/>
    <property name="sun.management.compiler" value="HotSpot 64-Bit Tiered Compilers"/>
    <property name="ftp.nonProxyHosts" value="local|*.local|169.254/16|*.169.254/16"/>
    <property name="java.runtime.version" value="17.0.4+8"/>
    <property name="user.name" value="anders"/>
    <property name="path.separator" value=":"/>
    <property name="os.version" value="12.5.1"/>
    <property name="java.runtime.name" value="OpenJDK Runtime Environment"/>
    <property name="file.encoding" value="UTF-8"/>
    <property name="java.vm.name" value="OpenJDK 64-Bit Server VM"/>
    <property name="java.vendor.version" value="Temurin-17.0.4+8"/>
    <property name="localRepository" value="/Users/anders/.m2/repository"/>
    <property name="java.vendor.url.bug" value="https://github.com/adoptium/adoptium-support/issues"/>
    <property name="java.io.tmpdir" value="/var/folders/vv/_3y5qgbd7w1fk0n0h6lzb98r0000gn/T/"/>
    <property name="java.version" value="17.0.4"/>
    <property name="user.dir" value="/Users/anders/Work/ssb/dapla-team-api/dapla-team-api"/>
    <property name="os.arch" value="aarch64"/>
    <property name="java.vm.specification.name" value="Java Virtual Machine Specification"/>
    <property name="native.encoding" value="UTF-8"/>
    <property name="java.library.path" value="/Users/anders/Library/Java/Extensions:/Library/Java/Extensions:/Network/Library/Java/Extensions:/System/Library/Java/Extensions:/usr/lib/java:."/>
    <property name="java.vm.info" value="mixed mode"/>
    <property name="java.vendor" value="Eclipse Adoptium"/>
    <property name="java.vm.version" value="17.0.4+8"/>
    <property name="sun.io.unicode.encoding" value="UnicodeBig"/>
    <property name="socksNonProxyHosts" value="local|*.local|169.254/16|*.169.254/16"/>
    <property name="java.class.version" value="61.0"/>
  </properties>
  <testcase name="contextLoads" classname="no.ssb.dapla.team.DaplaTeamApiApplicationTests" time="0.167"/>
</testsuite>